<?xml version="1.0" encoding="UTF-8"?>
<robot generator="Robot 7.1.1 (Python 3.12.3 on linux)" generated="2024-10-23T16:28:10.342164" rpa="false" schemaversion="5">
<suite id="s1" name="T8" source="/home/pascal/roboticsProgramming/Lesson2/t8.robot">
<test id="s1-t1" name="Start Movie List" line="9">
<kw name="Open Browser" owner="SeleniumLibrary">
<msg time="2024-10-23T16:28:10.445768" level="INFO">Opening browser 'Chrome' to base url 'https://www.pocket-lint.com/tv/news/148096-james-bond-007-best-movie-viewing-order-chronological-release'.</msg>
<arg>${url}</arg>
<arg>Chrome</arg>
<doc>Opens a new browser instance to the optional ``url``.</doc>
<status status="PASS" start="2024-10-23T16:28:10.445515" elapsed="3.586824"/>
</kw>
<kw name="Page Should Contain" owner="SeleniumLibrary">
<msg time="2024-10-23T16:28:14.076515" level="INFO">Current page contains text 'James Bond movies'.</msg>
<arg>James Bond movies</arg>
<doc>Verifies that current page contains ``text``.</doc>
<status status="PASS" start="2024-10-23T16:28:14.033224" elapsed="0.043500"/>
</kw>
<kw name="Create My File" owner="mytools">
<arg>list.txt</arg>
<status status="PASS" start="2024-10-23T16:28:14.077176" elapsed="0.000468"/>
</kw>
<status status="PASS" start="2024-10-23T16:28:10.444727" elapsed="3.633188"/>
</test>
<test id="s1-t2" name="Iterate Through Movies" line="14">
<kw name="Get WebElements" owner="SeleniumLibrary">
<msg time="2024-10-23T16:28:14.101356" level="INFO">${elements} = [&lt;selenium.webdriver.remote.webelement.WebElement (session="3988075e351797a99051e3653e55e81b", element="f.EDE0EA05B81386DE63BFC40F5FFCD690.d.CCE9409A76B4B1DA16DE459B18F28113.e.51")&gt;, &lt;selenium.webdriv...</msg>
<var>${elements}</var>
<arg>//h3</arg>
<doc>Returns a list of WebElement objects matching the ``locator``.</doc>
<status status="PASS" start="2024-10-23T16:28:14.078893" elapsed="0.022554"/>
</kw>
<for flavor="IN">
<iter>
<kw name="Append My File" owner="mytools">
<arg>list.txt</arg>
<arg>${element.text}</arg>
<status status="PASS" start="2024-10-23T16:28:14.103028" elapsed="0.025396"/>
</kw>
<var name="${element}">&lt;selenium.webdriver.remote.webelement.WebElement (session="3988075e351797a99051e3653e55e81b", element="f.EDE0EA05B81386DE63BFC40F5FFCD690.d.CCE9409A76B4B1DA16DE459B18F28113.e.51")&gt;</var>
<status status="PASS" start="2024-10-23T16:28:14.102259" elapsed="0.026331"/>
</iter>
<iter>
<kw name="Append My File" owner="mytools">
<arg>list.txt</arg>
<arg>${element.text}</arg>
<status status="PASS" start="2024-10-23T16:28:14.129145" elapsed="0.021230"/>
</kw>
<var name="${element}">&lt;selenium.webdriver.remote.webelement.WebElement (session="3988075e351797a99051e3653e55e81b", element="f.EDE0EA05B81386DE63BFC40F5FFCD690.d.CCE9409A76B4B1DA16DE459B18F28113.e.52")&gt;</var>
<status status="PASS" start="2024-10-23T16:28:14.128895" elapsed="0.021747"/>
</iter>
<iter>
<kw name="Append My File" owner="mytools">
<arg>list.txt</arg>
<arg>${element.text}</arg>
<status status="PASS" start="2024-10-23T16:28:14.151447" elapsed="0.018457"/>
</kw>
<var name="${element}">&lt;selenium.webdriver.remote.webelement.WebElement (session="3988075e351797a99051e3653e55e81b", element="f.EDE0EA05B81386DE63BFC40F5FFCD690.d.CCE9409A76B4B1DA16DE459B18F28113.e.53")&gt;</var>
<status status="PASS" start="2024-10-23T16:28:14.151110" elapsed="0.019044"/>
</iter>
<iter>
<kw name="Append My File" owner="mytools">
<arg>list.txt</arg>
<arg>${element.text}</arg>
<status status="PASS" start="2024-10-23T16:28:14.170903" elapsed="0.016243"/>
</kw>
<var name="${element}">&lt;selenium.webdriver.remote.webelement.WebElement (session="3988075e351797a99051e3653e55e81b", element="f.EDE0EA05B81386DE63BFC40F5FFCD690.d.CCE9409A76B4B1DA16DE459B18F28113.e.54")&gt;</var>
<status status="PASS" start="2024-10-23T16:28:14.170591" elapsed="0.016780"/>
</iter>
<iter>
<kw name="Append My File" owner="mytools">
<arg>list.txt</arg>
<arg>${element.text}</arg>
<status status="PASS" start="2024-10-23T16:28:14.188017" elapsed="0.015488"/>
</kw>
<var name="${element}">&lt;selenium.webdriver.remote.webelement.WebElement (session="3988075e351797a99051e3653e55e81b", element="f.EDE0EA05B81386DE63BFC40F5FFCD690.d.CCE9409A76B4B1DA16DE459B18F28113.e.55")&gt;</var>
<status status="PASS" start="2024-10-23T16:28:14.187745" elapsed="0.015870"/>
</iter>
<iter>
<kw name="Append My File" owner="mytools">
<arg>list.txt</arg>
<arg>${element.text}</arg>
<status status="PASS" start="2024-10-23T16:28:14.203932" elapsed="0.014416"/>
</kw>
<var name="${element}">&lt;selenium.webdriver.remote.webelement.WebElement (session="3988075e351797a99051e3653e55e81b", element="f.EDE0EA05B81386DE63BFC40F5FFCD690.d.CCE9409A76B4B1DA16DE459B18F28113.e.56")&gt;</var>
<status status="PASS" start="2024-10-23T16:28:14.203792" elapsed="0.014657"/>
</iter>
<iter>
<kw name="Append My File" owner="mytools">
<arg>list.txt</arg>
<arg>${element.text}</arg>
<status status="PASS" start="2024-10-23T16:28:14.218743" elapsed="0.094069"/>
</kw>
<var name="${element}">&lt;selenium.webdriver.remote.webelement.WebElement (session="3988075e351797a99051e3653e55e81b", element="f.EDE0EA05B81386DE63BFC40F5FFCD690.d.CCE9409A76B4B1DA16DE459B18F28113.e.57")&gt;</var>
<status status="PASS" start="2024-10-23T16:28:14.218618" elapsed="0.094306"/>
</iter>
<iter>
<kw name="Append My File" owner="mytools">
<arg>list.txt</arg>
<arg>${element.text}</arg>
<status status="PASS" start="2024-10-23T16:28:14.313227" elapsed="0.014373"/>
</kw>
<var name="${element}">&lt;selenium.webdriver.remote.webelement.WebElement (session="3988075e351797a99051e3653e55e81b", element="f.EDE0EA05B81386DE63BFC40F5FFCD690.d.CCE9409A76B4B1DA16DE459B18F28113.e.58")&gt;</var>
<status status="PASS" start="2024-10-23T16:28:14.313098" elapsed="0.014569"/>
</iter>
<iter>
<kw name="Append My File" owner="mytools">
<arg>list.txt</arg>
<arg>${element.text}</arg>
<status status="PASS" start="2024-10-23T16:28:14.327850" elapsed="0.010366"/>
</kw>
<var name="${element}">&lt;selenium.webdriver.remote.webelement.WebElement (session="3988075e351797a99051e3653e55e81b", element="f.EDE0EA05B81386DE63BFC40F5FFCD690.d.CCE9409A76B4B1DA16DE459B18F28113.e.59")&gt;</var>
<status status="PASS" start="2024-10-23T16:28:14.327772" elapsed="0.010510"/>
</iter>
<iter>
<kw name="Append My File" owner="mytools">
<arg>list.txt</arg>
<arg>${element.text}</arg>
<status status="PASS" start="2024-10-23T16:28:14.338448" elapsed="0.011014"/>
</kw>
<var name="${element}">&lt;selenium.webdriver.remote.webelement.WebElement (session="3988075e351797a99051e3653e55e81b", element="f.EDE0EA05B81386DE63BFC40F5FFCD690.d.CCE9409A76B4B1DA16DE459B18F28113.e.60")&gt;</var>
<status status="PASS" start="2024-10-23T16:28:14.338380" elapsed="0.011146"/>
</iter>
<iter>
<kw name="Append My File" owner="mytools">
<arg>list.txt</arg>
<arg>${element.text}</arg>
<status status="PASS" start="2024-10-23T16:28:14.349704" elapsed="0.012420"/>
</kw>
<var name="${element}">&lt;selenium.webdriver.remote.webelement.WebElement (session="3988075e351797a99051e3653e55e81b", element="f.EDE0EA05B81386DE63BFC40F5FFCD690.d.CCE9409A76B4B1DA16DE459B18F28113.e.61")&gt;</var>
<status status="PASS" start="2024-10-23T16:28:14.349628" elapsed="0.012553"/>
</iter>
<iter>
<kw name="Append My File" owner="mytools">
<arg>list.txt</arg>
<arg>${element.text}</arg>
<status status="PASS" start="2024-10-23T16:28:14.362358" elapsed="0.013574"/>
</kw>
<var name="${element}">&lt;selenium.webdriver.remote.webelement.WebElement (session="3988075e351797a99051e3653e55e81b", element="f.EDE0EA05B81386DE63BFC40F5FFCD690.d.CCE9409A76B4B1DA16DE459B18F28113.e.62")&gt;</var>
<status status="PASS" start="2024-10-23T16:28:14.362286" elapsed="0.013705"/>
</iter>
<iter>
<kw name="Append My File" owner="mytools">
<arg>list.txt</arg>
<arg>${element.text}</arg>
<status status="PASS" start="2024-10-23T16:28:14.376162" elapsed="0.014326"/>
</kw>
<var name="${element}">&lt;selenium.webdriver.remote.webelement.WebElement (session="3988075e351797a99051e3653e55e81b", element="f.EDE0EA05B81386DE63BFC40F5FFCD690.d.CCE9409A76B4B1DA16DE459B18F28113.e.63")&gt;</var>
<status status="PASS" start="2024-10-23T16:28:14.376090" elapsed="0.014484"/>
</iter>
<iter>
<kw name="Append My File" owner="mytools">
<arg>list.txt</arg>
<arg>${element.text}</arg>
<status status="PASS" start="2024-10-23T16:28:14.390917" elapsed="0.014519"/>
</kw>
<var name="${element}">&lt;selenium.webdriver.remote.webelement.WebElement (session="3988075e351797a99051e3653e55e81b", element="f.EDE0EA05B81386DE63BFC40F5FFCD690.d.CCE9409A76B4B1DA16DE459B18F28113.e.64")&gt;</var>
<status status="PASS" start="2024-10-23T16:28:14.390784" elapsed="0.014732"/>
</iter>
<iter>
<kw name="Append My File" owner="mytools">
<arg>list.txt</arg>
<arg>${element.text}</arg>
<status status="PASS" start="2024-10-23T16:28:14.405758" elapsed="0.014438"/>
</kw>
<var name="${element}">&lt;selenium.webdriver.remote.webelement.WebElement (session="3988075e351797a99051e3653e55e81b", element="f.EDE0EA05B81386DE63BFC40F5FFCD690.d.CCE9409A76B4B1DA16DE459B18F28113.e.65")&gt;</var>
<status status="PASS" start="2024-10-23T16:28:14.405655" elapsed="0.014642"/>
</iter>
<iter>
<kw name="Append My File" owner="mytools">
<arg>list.txt</arg>
<arg>${element.text}</arg>
<status status="PASS" start="2024-10-23T16:28:14.420544" elapsed="0.014571"/>
</kw>
<var name="${element}">&lt;selenium.webdriver.remote.webelement.WebElement (session="3988075e351797a99051e3653e55e81b", element="f.EDE0EA05B81386DE63BFC40F5FFCD690.d.CCE9409A76B4B1DA16DE459B18F28113.e.66")&gt;</var>
<status status="PASS" start="2024-10-23T16:28:14.420441" elapsed="0.014755"/>
</iter>
<iter>
<kw name="Append My File" owner="mytools">
<arg>list.txt</arg>
<arg>${element.text}</arg>
<status status="PASS" start="2024-10-23T16:28:14.435447" elapsed="0.014271"/>
</kw>
<var name="${element}">&lt;selenium.webdriver.remote.webelement.WebElement (session="3988075e351797a99051e3653e55e81b", element="f.EDE0EA05B81386DE63BFC40F5FFCD690.d.CCE9409A76B4B1DA16DE459B18F28113.e.67")&gt;</var>
<status status="PASS" start="2024-10-23T16:28:14.435348" elapsed="0.014451"/>
</iter>
<iter>
<kw name="Append My File" owner="mytools">
<arg>list.txt</arg>
<arg>${element.text}</arg>
<status status="PASS" start="2024-10-23T16:28:14.450039" elapsed="0.014809"/>
</kw>
<var name="${element}">&lt;selenium.webdriver.remote.webelement.WebElement (session="3988075e351797a99051e3653e55e81b", element="f.EDE0EA05B81386DE63BFC40F5FFCD690.d.CCE9409A76B4B1DA16DE459B18F28113.e.68")&gt;</var>
<status status="PASS" start="2024-10-23T16:28:14.449937" elapsed="0.014993"/>
</iter>
<iter>
<kw name="Append My File" owner="mytools">
<arg>list.txt</arg>
<arg>${element.text}</arg>
<status status="PASS" start="2024-10-23T16:28:14.465170" elapsed="0.014867"/>
</kw>
<var name="${element}">&lt;selenium.webdriver.remote.webelement.WebElement (session="3988075e351797a99051e3653e55e81b", element="f.EDE0EA05B81386DE63BFC40F5FFCD690.d.CCE9409A76B4B1DA16DE459B18F28113.e.69")&gt;</var>
<status status="PASS" start="2024-10-23T16:28:14.465068" elapsed="0.015051"/>
</iter>
<iter>
<kw name="Append My File" owner="mytools">
<arg>list.txt</arg>
<arg>${element.text}</arg>
<status status="PASS" start="2024-10-23T16:28:14.480374" elapsed="0.013976"/>
</kw>
<var name="${element}">&lt;selenium.webdriver.remote.webelement.WebElement (session="3988075e351797a99051e3653e55e81b", element="f.EDE0EA05B81386DE63BFC40F5FFCD690.d.CCE9409A76B4B1DA16DE459B18F28113.e.70")&gt;</var>
<status status="PASS" start="2024-10-23T16:28:14.480271" elapsed="0.014169"/>
</iter>
<iter>
<kw name="Append My File" owner="mytools">
<arg>list.txt</arg>
<arg>${element.text}</arg>
<status status="PASS" start="2024-10-23T16:28:14.494695" elapsed="0.013934"/>
</kw>
<var name="${element}">&lt;selenium.webdriver.remote.webelement.WebElement (session="3988075e351797a99051e3653e55e81b", element="f.EDE0EA05B81386DE63BFC40F5FFCD690.d.CCE9409A76B4B1DA16DE459B18F28113.e.71")&gt;</var>
<status status="PASS" start="2024-10-23T16:28:14.494587" elapsed="0.014163"/>
</iter>
<iter>
<kw name="Append My File" owner="mytools">
<arg>list.txt</arg>
<arg>${element.text}</arg>
<status status="PASS" start="2024-10-23T16:28:14.509054" elapsed="0.018284"/>
</kw>
<var name="${element}">&lt;selenium.webdriver.remote.webelement.WebElement (session="3988075e351797a99051e3653e55e81b", element="f.EDE0EA05B81386DE63BFC40F5FFCD690.d.CCE9409A76B4B1DA16DE459B18F28113.e.72")&gt;</var>
<status status="PASS" start="2024-10-23T16:28:14.508926" elapsed="0.018555"/>
</iter>
<iter>
<kw name="Append My File" owner="mytools">
<arg>list.txt</arg>
<arg>${element.text}</arg>
<status status="PASS" start="2024-10-23T16:28:14.527880" elapsed="0.014537"/>
</kw>
<var name="${element}">&lt;selenium.webdriver.remote.webelement.WebElement (session="3988075e351797a99051e3653e55e81b", element="f.EDE0EA05B81386DE63BFC40F5FFCD690.d.CCE9409A76B4B1DA16DE459B18F28113.e.73")&gt;</var>
<status status="PASS" start="2024-10-23T16:28:14.527699" elapsed="0.014829"/>
</iter>
<iter>
<kw name="Append My File" owner="mytools">
<arg>list.txt</arg>
<arg>${element.text}</arg>
<status status="PASS" start="2024-10-23T16:28:14.542821" elapsed="0.011626"/>
</kw>
<var name="${element}">&lt;selenium.webdriver.remote.webelement.WebElement (session="3988075e351797a99051e3653e55e81b", element="f.EDE0EA05B81386DE63BFC40F5FFCD690.d.CCE9409A76B4B1DA16DE459B18F28113.e.74")&gt;</var>
<status status="PASS" start="2024-10-23T16:28:14.542693" elapsed="0.011844"/>
</iter>
<iter>
<kw name="Append My File" owner="mytools">
<arg>list.txt</arg>
<arg>${element.text}</arg>
<status status="PASS" start="2024-10-23T16:28:14.554789" elapsed="0.013966"/>
</kw>
<var name="${element}">&lt;selenium.webdriver.remote.webelement.WebElement (session="3988075e351797a99051e3653e55e81b", element="f.EDE0EA05B81386DE63BFC40F5FFCD690.d.CCE9409A76B4B1DA16DE459B18F28113.e.75")&gt;</var>
<status status="PASS" start="2024-10-23T16:28:14.554682" elapsed="0.014185"/>
</iter>
<iter>
<kw name="Append My File" owner="mytools">
<arg>list.txt</arg>
<arg>${element.text}</arg>
<status status="PASS" start="2024-10-23T16:28:14.569155" elapsed="0.013260"/>
</kw>
<var name="${element}">&lt;selenium.webdriver.remote.webelement.WebElement (session="3988075e351797a99051e3653e55e81b", element="f.EDE0EA05B81386DE63BFC40F5FFCD690.d.CCE9409A76B4B1DA16DE459B18F28113.e.76")&gt;</var>
<status status="PASS" start="2024-10-23T16:28:14.569034" elapsed="0.013475"/>
</iter>
<iter>
<kw name="Append My File" owner="mytools">
<arg>list.txt</arg>
<arg>${element.text}</arg>
<status status="PASS" start="2024-10-23T16:28:14.582758" elapsed="0.013421"/>
</kw>
<var name="${element}">&lt;selenium.webdriver.remote.webelement.WebElement (session="3988075e351797a99051e3653e55e81b", element="f.EDE0EA05B81386DE63BFC40F5FFCD690.d.CCE9409A76B4B1DA16DE459B18F28113.e.77")&gt;</var>
<status status="PASS" start="2024-10-23T16:28:14.582656" elapsed="0.013636"/>
</iter>
<iter>
<kw name="Append My File" owner="mytools">
<arg>list.txt</arg>
<arg>${element.text}</arg>
<status status="PASS" start="2024-10-23T16:28:14.596565" elapsed="0.011376"/>
</kw>
<var name="${element}">&lt;selenium.webdriver.remote.webelement.WebElement (session="3988075e351797a99051e3653e55e81b", element="f.EDE0EA05B81386DE63BFC40F5FFCD690.d.CCE9409A76B4B1DA16DE459B18F28113.e.78")&gt;</var>
<status status="PASS" start="2024-10-23T16:28:14.596453" elapsed="0.011586"/>
</iter>
<iter>
<kw name="Append My File" owner="mytools">
<arg>list.txt</arg>
<arg>${element.text}</arg>
<status status="PASS" start="2024-10-23T16:28:14.608303" elapsed="0.011343"/>
</kw>
<var name="${element}">&lt;selenium.webdriver.remote.webelement.WebElement (session="3988075e351797a99051e3653e55e81b", element="f.EDE0EA05B81386DE63BFC40F5FFCD690.d.CCE9409A76B4B1DA16DE459B18F28113.e.79")&gt;</var>
<status status="PASS" start="2024-10-23T16:28:14.608184" elapsed="0.011563"/>
</iter>
<iter>
<kw name="Append My File" owner="mytools">
<arg>list.txt</arg>
<arg>${element.text}</arg>
<status status="PASS" start="2024-10-23T16:28:14.620018" elapsed="0.011430"/>
</kw>
<var name="${element}">&lt;selenium.webdriver.remote.webelement.WebElement (session="3988075e351797a99051e3653e55e81b", element="f.EDE0EA05B81386DE63BFC40F5FFCD690.d.CCE9409A76B4B1DA16DE459B18F28113.e.80")&gt;</var>
<status status="PASS" start="2024-10-23T16:28:14.619902" elapsed="0.011651"/>
</iter>
<iter>
<kw name="Append My File" owner="mytools">
<arg>list.txt</arg>
<arg>${element.text}</arg>
<status status="PASS" start="2024-10-23T16:28:14.631881" elapsed="0.010274"/>
</kw>
<var name="${element}">&lt;selenium.webdriver.remote.webelement.WebElement (session="3988075e351797a99051e3653e55e81b", element="f.EDE0EA05B81386DE63BFC40F5FFCD690.d.CCE9409A76B4B1DA16DE459B18F28113.e.81")&gt;</var>
<status status="PASS" start="2024-10-23T16:28:14.631769" elapsed="0.010489"/>
</iter>
<iter>
<kw name="Append My File" owner="mytools">
<arg>list.txt</arg>
<arg>${element.text}</arg>
<status status="PASS" start="2024-10-23T16:28:14.642507" elapsed="0.010300"/>
</kw>
<var name="${element}">&lt;selenium.webdriver.remote.webelement.WebElement (session="3988075e351797a99051e3653e55e81b", element="f.EDE0EA05B81386DE63BFC40F5FFCD690.d.CCE9409A76B4B1DA16DE459B18F28113.e.82")&gt;</var>
<status status="PASS" start="2024-10-23T16:28:14.642401" elapsed="0.010502"/>
</iter>
<var>${element}</var>
<value>@{elements}</value>
<status status="PASS" start="2024-10-23T16:28:14.101768" elapsed="0.551203"/>
</for>
<kw name="Close Browser" owner="SeleniumLibrary" type="TEARDOWN">
<doc>Closes the current browser.</doc>
<status status="PASS" start="2024-10-23T16:28:14.653396" elapsed="0.090740"/>
</kw>
<status status="PASS" start="2024-10-23T16:28:14.078282" elapsed="0.666009"/>
</test>
<status status="PASS" start="2024-10-23T16:28:10.342948" elapsed="4.401751"/>
</suite>
<statistics>
<total>
<stat pass="2" fail="0" skip="0">All Tests</stat>
</total>
<tag>
</tag>
<suite>
<stat pass="2" fail="0" skip="0" id="s1" name="T8">T8</stat>
</suite>
</statistics>
<errors>
</errors>
</robot>
